# JRE version: OpenJDK Runtime Environment Temurin-17.0.7+7 (17.0.7+7) (build 17.0.7+7)
# Java VM: OpenJDK 64-Bit Server VM Temurin-17.0.7+7 (17.0.7+7, mixed mode, tiered, compressed oops, compressed class ptrs, g1 gc, windows-amd64)
GC Precious Log:
 CPUs: 8 total, 8 available
 Memory: 15178M
 Large Page Support: Disabled
 NUMA Support: Disabled
 Compressed Oops: Enabled (Zero based)
 Heap Region Size: 2M
 Heap Min Capacity: 8M
 Heap Initial Capacity: 238M
 Heap Max Capacity: 3796M
 Pre-touch: Disabled
 Parallel Workers: 8
 Concurrent Workers: 2
 Concurrent Refinement Workers: 8
 Periodic GC: Disabled
Heap:
 garbage-first heap   total 61440K, used 33647K [0x0000000712c00000, 0x0000000800000000)
  region size 2048K, 9 young (18432K), 1 survivors (2048K)
 Metaspace       used 54201K, committed 54656K, reserved 1114112K
  class space    used 6052K, committed 6272K, reserved 1048576K
GC Heap History (20 events):
Event: 1.190 GC heap before
{Heap before GC invocations=1 (full 0):
 garbage-first heap   total 243712K, used 31611K [0x0000000712c00000, 0x0000000800000000)
  region size 2048K, 15 young (30720K), 2 survivors (4096K)
 Metaspace       used 20292K, committed 20544K, reserved 1114112K
  class space    used 2171K, committed 2304K, reserved 1048576K
}
Event: 1.196 GC heap after
{Heap after GC invocations=2 (full 0):
 garbage-first heap   total 243712K, used 7695K [0x0000000712c00000, 0x0000000800000000)
  region size 2048K, 2 young (4096K), 2 survivors (4096K)
 Metaspace       used 20292K, committed 20544K, reserved 1114112K
  class space    used 2171K, committed 2304K, reserved 1048576K
}
Event: 1.260 GC heap before
{Heap before GC invocations=2 (full 0):
 garbage-first heap   total 243712K, used 11791K [0x0000000712c00000, 0x0000000800000000)
  region size 2048K, 5 young (10240K), 2 survivors (4096K)
 Metaspace       used 21255K, committed 21504K, reserved 1114112K
  class space    used 2304K, committed 2368K, reserved 1048576K
}
Event: 1.262 GC heap after
{Heap after GC invocations=3 (full 0):
 garbage-first heap   total 243712K, used 7803K [0x0000000712c00000, 0x0000000800000000)
  region size 2048K, 2 young (4096K), 2 survivors (4096K)
 Metaspace       used 21255K, committed 21504K, reserved 1114112K
  class space    used 2304K, committed 2368K, reserved 1048576K
}
Event: 1.530 GC heap before
{Heap before GC invocations=4 (full 0):
 garbage-first heap   total 40960K, used 26235K [0x0000000712c00000, 0x0000000800000000)
  region size 2048K, 12 young (24576K), 2 survivors (4096K)
 Metaspace       used 25321K, committed 25536K, reserved 1114112K
  class space    used 2871K, committed 2944K, reserved 1048576K
}
Event: 1.535 GC heap after
{Heap after GC invocations=5 (full 0):
 garbage-first heap   total 40960K, used 10072K [0x0000000712c00000, 0x0000000800000000)
  region size 2048K, 3 young (6144K), 3 survivors (6144K)
 Metaspace       used 25321K, committed 25536K, reserved 1114112K
  class space    used 2871K, committed 2944K, reserved 1048576K
}
Event: 1.575 GC heap before
{Heap before GC invocations=5 (full 0):
 garbage-first heap   total 40960K, used 12120K [0x0000000712c00000, 0x0000000800000000)
  region size 2048K, 4 young (8192K), 3 survivors (6144K)
 Metaspace       used 25640K, committed 25856K, reserved 1114112K
  class space    used 2910K, committed 3008K, reserved 1048576K
}
Event: 1.580 GC heap after
{Heap after GC invocations=6 (full 0):
 garbage-first heap   total 40960K, used 10515K [0x0000000712c00000, 0x0000000800000000)
  region size 2048K, 1 young (2048K), 1 survivors (2048K)
 Metaspace       used 25640K, committed 25856K, reserved 1114112K
  class space    used 2910K, committed 3008K, reserved 1048576K
}
Event: 2.004 GC heap before
{Heap before GC invocations=6 (full 0):
 garbage-first heap   total 40960K, used 24851K [0x0000000712c00000, 0x0000000800000000)
  region size 2048K, 9 young (18432K), 1 survivors (2048K)
 Metaspace       used 27593K, committed 27840K, reserved 1114112K
  class space    used 3123K, committed 3200K, reserved 1048576K
}
Event: 2.008 GC heap after
{Heap after GC invocations=7 (full 0):
 garbage-first heap   total 143360K, used 11209K [0x0000000712c00000, 0x0000000800000000)
  region size 2048K, 1 young (2048K), 1 survivors (2048K)
 Metaspace       used 27593K, committed 27840K, reserved 1114112K
  class space    used 3123K, committed 3200K, reserved 1048576K
}
Event: 3.127 GC heap before
{Heap before GC invocations=7 (full 0):
 garbage-first heap   total 143360K, used 52169K [0x0000000712c00000, 0x0000000800000000)
  region size 2048K, 22 young (45056K), 1 survivors (2048K)
 Metaspace       used 35730K, committed 36096K, reserved 1114112K
  class space    used 4111K, committed 4288K, reserved 1048576K
}
Event: 3.140 GC heap after
{Heap after GC invocations=8 (full 0):
 garbage-first heap   total 143360K, used 15166K [0x0000000712c00000, 0x0000000800000000)
  region size 2048K, 3 young (6144K), 3 survivors (6144K)
 Metaspace       used 35730K, committed 36096K, reserved 1114112K
  class space    used 4111K, committed 4288K, reserved 1048576K
}
Event: 3.897 GC heap before
{Heap before GC invocations=9 (full 0):
 garbage-first heap   total 61440K, used 45886K [0x0000000712c00000, 0x0000000800000000)
  region size 2048K, 18 young (36864K), 3 survivors (6144K)
 Metaspace       used 40820K, committed 41280K, reserved 1114112K
  class space    used 4740K, committed 4928K, reserved 1048576K
}
Event: 3.905 GC heap after
{Heap after GC invocations=10 (full 0):
 garbage-first heap   total 61440K, used 17798K [0x0000000712c00000, 0x0000000800000000)
  region size 2048K, 2 young (4096K), 2 survivors (4096K)
 Metaspace       used 40820K, committed 41280K, reserved 1114112K
  class space    used 4740K, committed 4928K, reserved 1048576K
}
Event: 3.945 GC heap before
{Heap before GC invocations=10 (full 0):
 garbage-first heap   total 61440K, used 19846K [0x0000000712c00000, 0x0000000800000000)
  region size 2048K, 3 young (6144K), 2 survivors (4096K)
 Metaspace       used 41088K, committed 41472K, reserved 1114112K
  class space    used 4774K, committed 4928K, reserved 1048576K
}
Event: 3.949 GC heap after
{Heap after GC invocations=11 (full 0):
 garbage-first heap   total 61440K, used 17577K [0x0000000712c00000, 0x0000000800000000)
  region size 2048K, 1 young (2048K), 1 survivors (2048K)
 Metaspace       used 41088K, committed 41472K, reserved 1114112K
  class space    used 4774K, committed 4928K, reserved 1048576K
}
Event: 8.449 GC heap before
{Heap before GC invocations=11 (full 0):
 garbage-first heap   total 61440K, used 40105K [0x0000000712c00000, 0x0000000800000000)
  region size 2048K, 13 young (26624K), 1 survivors (2048K)
 Metaspace       used 46288K, committed 46784K, reserved 1114112K
  class space    used 5387K, committed 5632K, reserved 1048576K
}
Event: 8.454 GC heap after
{Heap after GC invocations=12 (full 0):
 garbage-first heap   total 61440K, used 19809K [0x0000000712c00000, 0x0000000800000000)
  region size 2048K, 2 young (4096K), 2 survivors (4096K)
 Metaspace       used 46288K, committed 46784K, reserved 1114112K
  class space    used 5387K, committed 5632K, reserved 1048576K
}
Event: 8.892 GC heap before
{Heap before GC invocations=12 (full 0):
 garbage-first heap   total 61440K, used 42337K [0x0000000712c00000, 0x0000000800000000)
  region size 2048K, 14 young (28672K), 2 survivors (4096K)
 Metaspace       used 51179K, committed 51712K, reserved 1114112K
  class space    used 5796K, committed 6080K, reserved 1048576K
}
Event: 8.895 GC heap after
{Heap after GC invocations=13 (full 0):
 garbage-first heap   total 61440K, used 21359K [0x0000000712c00000, 0x0000000800000000)
  region size 2048K, 1 young (2048K), 1 survivors (2048K)
 Metaspace       used 51179K, committed 51712K, reserved 1114112K
  class space    used 5796K, committed 6080K, reserved 1048576K
}

