# JRE version: OpenJDK Runtime Environment Temurin-17.0.7+7 (17.0.7+7) (build 17.0.7+7)
# Java VM: OpenJDK 64-Bit Server VM Temurin-17.0.7+7 (17.0.7+7, mixed mode, tiered, compressed oops, compressed class ptrs, g1 gc, windows-amd64)
GC Precious Log:
 CPUs: 8 total, 8 available
 Memory: 15178M
 Large Page Support: Disabled
 NUMA Support: Disabled
 Compressed Oops: Enabled (Zero based)
 Heap Region Size: 2M
 Heap Min Capacity: 8M
 Heap Initial Capacity: 238M
 Heap Max Capacity: 3796M
 Pre-touch: Disabled
 Parallel Workers: 8
 Concurrent Workers: 2
 Concurrent Refinement Workers: 8
 Periodic GC: Disabled
Heap:
 garbage-first heap   total 61440K, used 40219K [0x0000000712c00000, 0x0000000800000000)
  region size 2048K, 11 young (22528K), 1 survivors (2048K)
 Metaspace       used 54391K, committed 54912K, reserved 1114112K
  class space    used 6060K, committed 6272K, reserved 1048576K
GC Heap History (20 events):
Event: 1.339 GC heap before
{Heap before GC invocations=2 (full 0):
 garbage-first heap   total 243712K, used 11698K [0x0000000712c00000, 0x0000000800000000)
  region size 2048K, 5 young (10240K), 2 survivors (4096K)
 Metaspace       used 21314K, committed 21504K, reserved 1114112K
  class space    used 2325K, committed 2432K, reserved 1048576K
}
Event: 1.341 GC heap after
{Heap after GC invocations=3 (full 0):
 garbage-first heap   total 243712K, used 7740K [0x0000000712c00000, 0x0000000800000000)
  region size 2048K, 2 young (4096K), 2 survivors (4096K)
 Metaspace       used 21314K, committed 21504K, reserved 1114112K
  class space    used 2325K, committed 2432K, reserved 1048576K
}
Event: 1.617 GC heap before
{Heap before GC invocations=4 (full 0):
 garbage-first heap   total 40960K, used 26172K [0x0000000712c00000, 0x0000000800000000)
  region size 2048K, 12 young (24576K), 2 survivors (4096K)
 Metaspace       used 25414K, committed 25664K, reserved 1114112K
  class space    used 2879K, committed 3008K, reserved 1048576K
}
Event: 1.621 GC heap after
{Heap after GC invocations=5 (full 0):
 garbage-first heap   total 40960K, used 9878K [0x0000000712c00000, 0x0000000800000000)
  region size 2048K, 3 young (6144K), 3 survivors (6144K)
 Metaspace       used 25414K, committed 25664K, reserved 1114112K
  class space    used 2879K, committed 3008K, reserved 1048576K
}
Event: 1.664 GC heap before
{Heap before GC invocations=5 (full 0):
 garbage-first heap   total 40960K, used 11926K [0x0000000712c00000, 0x0000000800000000)
  region size 2048K, 4 young (8192K), 3 survivors (6144K)
 Metaspace       used 25684K, committed 25984K, reserved 1114112K
  class space    used 2916K, committed 3008K, reserved 1048576K
}
Event: 1.669 GC heap after
{Heap after GC invocations=6 (full 0):
 garbage-first heap   total 40960K, used 10460K [0x0000000712c00000, 0x0000000800000000)
  region size 2048K, 1 young (2048K), 1 survivors (2048K)
 Metaspace       used 25684K, committed 25984K, reserved 1114112K
  class space    used 2916K, committed 3008K, reserved 1048576K
}
Event: 2.058 GC heap before
{Heap before GC invocations=6 (full 0):
 garbage-first heap   total 40960K, used 26844K [0x0000000712c00000, 0x0000000800000000)
  region size 2048K, 9 young (18432K), 1 survivors (2048K)
 Metaspace       used 27636K, committed 27904K, reserved 1114112K
  class space    used 3129K, committed 3264K, reserved 1048576K
}
Event: 2.062 GC heap after
{Heap after GC invocations=7 (full 0):
 garbage-first heap   total 40960K, used 11185K [0x0000000712c00000, 0x0000000800000000)
  region size 2048K, 1 young (2048K), 1 survivors (2048K)
 Metaspace       used 27636K, committed 27904K, reserved 1114112K
  class space    used 3129K, committed 3264K, reserved 1048576K
}
Event: 2.586 GC heap before
{Heap before GC invocations=7 (full 0):
 garbage-first heap   total 40960K, used 27569K [0x0000000712c00000, 0x0000000800000000)
  region size 2048K, 9 young (18432K), 1 survivors (2048K)
 Metaspace       used 30213K, committed 30528K, reserved 1114112K
  class space    used 3476K, committed 3648K, reserved 1048576K
}
Event: 2.593 GC heap after
{Heap after GC invocations=8 (full 0):
 garbage-first heap   total 40960K, used 12715K [0x0000000712c00000, 0x0000000800000000)
  region size 2048K, 2 young (4096K), 2 survivors (4096K)
 Metaspace       used 30213K, committed 30528K, reserved 1114112K
  class space    used 3476K, committed 3648K, reserved 1048576K
}
Event: 3.062 GC heap before
{Heap before GC invocations=8 (full 0):
 garbage-first heap   total 40960K, used 29099K [0x0000000712c00000, 0x0000000800000000)
  region size 2048K, 10 young (20480K), 2 survivors (4096K)
 Metaspace       used 33885K, committed 34240K, reserved 1114112K
  class space    used 3929K, committed 4096K, reserved 1048576K
}
Event: 3.069 GC heap after
{Heap after GC invocations=9 (full 0):
 garbage-first heap   total 143360K, used 14509K [0x0000000712c00000, 0x0000000800000000)
  region size 2048K, 2 young (4096K), 2 survivors (4096K)
 Metaspace       used 33885K, committed 34240K, reserved 1114112K
  class space    used 3929K, committed 4096K, reserved 1048576K
}
Event: 3.230 GC heap before
{Heap before GC invocations=9 (full 0):
 garbage-first heap   total 143360K, used 20653K [0x0000000712c00000, 0x0000000800000000)
  region size 2048K, 6 young (12288K), 2 survivors (4096K)
 Metaspace       used 35641K, committed 35968K, reserved 1114112K
  class space    used 4112K, committed 4288K, reserved 1048576K
}
Event: 3.235 GC heap after
{Heap after GC invocations=10 (full 0):
 garbage-first heap   total 143360K, used 15157K [0x0000000712c00000, 0x0000000800000000)
  region size 2048K, 2 young (4096K), 2 survivors (4096K)
 Metaspace       used 35641K, committed 35968K, reserved 1114112K
  class space    used 4112K, committed 4288K, reserved 1048576K
}
Event: 3.991 GC heap before
{Heap before GC invocations=11 (full 0):
 garbage-first heap   total 61440K, used 47925K [0x0000000712c00000, 0x0000000800000000)
  region size 2048K, 18 young (36864K), 2 survivors (4096K)
 Metaspace       used 40808K, committed 41216K, reserved 1114112K
  class space    used 4736K, committed 4928K, reserved 1048576K
}
Event: 3.997 GC heap after
{Heap after GC invocations=12 (full 0):
 garbage-first heap   total 61440K, used 17988K [0x0000000712c00000, 0x0000000800000000)
  region size 2048K, 3 young (6144K), 3 survivors (6144K)
 Metaspace       used 40808K, committed 41216K, reserved 1114112K
  class space    used 4736K, committed 4928K, reserved 1048576K
}
Event: 32.788 GC heap before
{Heap before GC invocations=12 (full 0):
 garbage-first heap   total 61440K, used 42564K [0x0000000712c00000, 0x0000000800000000)
  region size 2048K, 16 young (32768K), 3 survivors (6144K)
 Metaspace       used 46322K, committed 46784K, reserved 1114112K
  class space    used 5393K, committed 5632K, reserved 1048576K
}
Event: 32.797 GC heap after
{Heap after GC invocations=13 (full 0):
 garbage-first heap   total 61440K, used 20601K [0x0000000712c00000, 0x0000000800000000)
  region size 2048K, 2 young (4096K), 2 survivors (4096K)
 Metaspace       used 46322K, committed 46784K, reserved 1114112K
  class space    used 5393K, committed 5632K, reserved 1048576K
}
Event: 33.299 GC heap before
{Heap before GC invocations=13 (full 0):
 garbage-first heap   total 61440K, used 41081K [0x0000000712c00000, 0x0000000800000000)
  region size 2048K, 13 young (26624K), 2 survivors (4096K)
 Metaspace       used 50864K, committed 51392K, reserved 1114112K
  class space    used 5766K, committed 6016K, reserved 1048576K
}
Event: 33.302 GC heap after
{Heap after GC invocations=14 (full 0):
 garbage-first heap   total 61440K, used 21787K [0x0000000712c00000, 0x0000000800000000)
  region size 2048K, 1 young (2048K), 1 survivors (2048K)
 Metaspace       used 50864K, committed 51392K, reserved 1114112K
  class space    used 5766K, committed 6016K, reserved 1048576K
}

