# JRE version: OpenJDK Runtime Environment Temurin-17.0.7+7 (17.0.7+7) (build 17.0.7+7)
# Java VM: OpenJDK 64-Bit Server VM Temurin-17.0.7+7 (17.0.7+7, mixed mode, tiered, compressed oops, compressed class ptrs, g1 gc, windows-amd64)
GC Precious Log:
 CPUs: 8 total, 8 available
 Memory: 15178M
 Large Page Support: Disabled
 NUMA Support: Disabled
 Compressed Oops: Enabled (Zero based)
 Heap Region Size: 2M
 Heap Min Capacity: 8M
 Heap Initial Capacity: 238M
 Heap Max Capacity: 3796M
 Pre-touch: Disabled
 Parallel Workers: 8
 Concurrent Workers: 2
 Concurrent Refinement Workers: 8
 Periodic GC: Disabled
Heap:
 garbage-first heap   total 61440K, used 37785K [0x0000000712c00000, 0x0000000800000000)
  region size 2048K, 10 young (20480K), 1 survivors (2048K)
 Metaspace       used 54703K, committed 55168K, reserved 1114112K
  class space    used 6101K, committed 6336K, reserved 1048576K
GC Heap History (20 events):
Event: 1.259 GC heap before
{Heap before GC invocations=1 (full 0):
 garbage-first heap   total 243712K, used 29542K [0x0000000712c00000, 0x0000000800000000)
  region size 2048K, 15 young (30720K), 2 survivors (4096K)
 Metaspace       used 20288K, committed 20544K, reserved 1114112K
  class space    used 2179K, committed 2304K, reserved 1048576K
}
Event: 1.264 GC heap after
{Heap after GC invocations=2 (full 0):
 garbage-first heap   total 243712K, used 7554K [0x0000000712c00000, 0x0000000800000000)
  region size 2048K, 2 young (4096K), 2 survivors (4096K)
 Metaspace       used 20288K, committed 20544K, reserved 1114112K
  class space    used 2179K, committed 2304K, reserved 1048576K
}
Event: 1.330 GC heap before
{Heap before GC invocations=2 (full 0):
 garbage-first heap   total 243712K, used 11650K [0x0000000712c00000, 0x0000000800000000)
  region size 2048K, 5 young (10240K), 2 survivors (4096K)
 Metaspace       used 21277K, committed 21504K, reserved 1114112K
  class space    used 2310K, committed 2432K, reserved 1048576K
}
Event: 1.332 GC heap after
{Heap after GC invocations=3 (full 0):
 garbage-first heap   total 243712K, used 7798K [0x0000000712c00000, 0x0000000800000000)
  region size 2048K, 2 young (4096K), 2 survivors (4096K)
 Metaspace       used 21277K, committed 21504K, reserved 1114112K
  class space    used 2310K, committed 2432K, reserved 1048576K
}
Event: 1.590 GC heap before
{Heap before GC invocations=4 (full 0):
 garbage-first heap   total 40960K, used 26230K [0x0000000712c00000, 0x0000000800000000)
  region size 2048K, 12 young (24576K), 2 survivors (4096K)
 Metaspace       used 25113K, committed 25344K, reserved 1114112K
  class space    used 2850K, committed 2944K, reserved 1048576K
}
Event: 1.594 GC heap after
{Heap after GC invocations=5 (full 0):
 garbage-first heap   total 40960K, used 9521K [0x0000000712c00000, 0x0000000800000000)
  region size 2048K, 3 young (6144K), 3 survivors (6144K)
 Metaspace       used 25113K, committed 25344K, reserved 1114112K
  class space    used 2850K, committed 2944K, reserved 1048576K
}
Event: 1.616 GC heap before
{Heap before GC invocations=5 (full 0):
 garbage-first heap   total 40960K, used 9521K [0x0000000712c00000, 0x0000000800000000)
  region size 2048K, 4 young (8192K), 3 survivors (6144K)
 Metaspace       used 25379K, committed 25664K, reserved 1114112K
  class space    used 2881K, committed 3008K, reserved 1048576K
}
Event: 1.620 GC heap after
{Heap after GC invocations=6 (full 0):
 garbage-first heap   total 40960K, used 10046K [0x0000000712c00000, 0x0000000800000000)
  region size 2048K, 1 young (2048K), 1 survivors (2048K)
 Metaspace       used 25379K, committed 25664K, reserved 1114112K
  class space    used 2881K, committed 3008K, reserved 1048576K
}
Event: 2.013 GC heap before
{Heap before GC invocations=6 (full 0):
 garbage-first heap   total 40960K, used 26430K [0x0000000712c00000, 0x0000000800000000)
  region size 2048K, 9 young (18432K), 1 survivors (2048K)
 Metaspace       used 27302K, committed 27584K, reserved 1114112K
  class space    used 3091K, committed 3200K, reserved 1048576K
}
Event: 2.017 GC heap after
{Heap after GC invocations=7 (full 0):
 garbage-first heap   total 143360K, used 11006K [0x0000000712c00000, 0x0000000800000000)
  region size 2048K, 1 young (2048K), 1 survivors (2048K)
 Metaspace       used 27302K, committed 27584K, reserved 1114112K
  class space    used 3091K, committed 3200K, reserved 1048576K
}
Event: 3.240 GC heap before
{Heap before GC invocations=7 (full 0):
 garbage-first heap   total 143360K, used 58110K [0x0000000712c00000, 0x0000000800000000)
  region size 2048K, 25 young (51200K), 1 survivors (2048K)
 Metaspace       used 35824K, committed 36160K, reserved 1114112K
  class space    used 4120K, committed 4288K, reserved 1048576K
}
Event: 3.246 GC heap after
{Heap after GC invocations=8 (full 0):
 garbage-first heap   total 143360K, used 14938K [0x0000000712c00000, 0x0000000800000000)
  region size 2048K, 3 young (6144K), 3 survivors (6144K)
 Metaspace       used 35824K, committed 36160K, reserved 1114112K
  class space    used 4120K, committed 4288K, reserved 1048576K
}
Event: 4.088 GC heap before
{Heap before GC invocations=9 (full 0):
 garbage-first heap   total 61440K, used 45658K [0x0000000712c00000, 0x0000000800000000)
  region size 2048K, 18 young (36864K), 3 survivors (6144K)
 Metaspace       used 41206K, committed 41664K, reserved 1114112K
  class space    used 4780K, committed 4992K, reserved 1048576K
}
Event: 4.094 GC heap after
{Heap after GC invocations=10 (full 0):
 garbage-first heap   total 61440K, used 18047K [0x0000000712c00000, 0x0000000800000000)
  region size 2048K, 2 young (4096K), 2 survivors (4096K)
 Metaspace       used 41206K, committed 41664K, reserved 1114112K
  class space    used 4780K, committed 4992K, reserved 1048576K
}
Event: 4.155 GC heap before
{Heap before GC invocations=10 (full 0):
 garbage-first heap   total 61440K, used 20095K [0x0000000712c00000, 0x0000000800000000)
  region size 2048K, 3 young (6144K), 2 survivors (4096K)
 Metaspace       used 41525K, committed 41984K, reserved 1114112K
  class space    used 4824K, committed 5056K, reserved 1048576K
}
Event: 4.159 GC heap after
{Heap after GC invocations=11 (full 0):
 garbage-first heap   total 61440K, used 17899K [0x0000000712c00000, 0x0000000800000000)
  region size 2048K, 1 young (2048K), 1 survivors (2048K)
 Metaspace       used 41525K, committed 41984K, reserved 1114112K
  class space    used 4824K, committed 5056K, reserved 1048576K
}
Event: 10.351 GC heap before
{Heap before GC invocations=11 (full 0):
 garbage-first heap   total 61440K, used 40427K [0x0000000712c00000, 0x0000000800000000)
  region size 2048K, 13 young (26624K), 1 survivors (2048K)
 Metaspace       used 46696K, committed 47168K, reserved 1114112K
  class space    used 5438K, committed 5696K, reserved 1048576K
}
Event: 10.356 GC heap after
{Heap after GC invocations=12 (full 0):
 garbage-first heap   total 61440K, used 19878K [0x0000000712c00000, 0x0000000800000000)
  region size 2048K, 2 young (4096K), 2 survivors (4096K)
 Metaspace       used 46696K, committed 47168K, reserved 1114112K
  class space    used 5438K, committed 5696K, reserved 1048576K
}
Event: 10.784 GC heap before
{Heap before GC invocations=12 (full 0):
 garbage-first heap   total 61440K, used 42406K [0x0000000712c00000, 0x0000000800000000)
  region size 2048K, 14 young (28672K), 2 survivors (4096K)
 Metaspace       used 51514K, committed 52032K, reserved 1114112K
  class space    used 5852K, committed 6080K, reserved 1048576K
}
Event: 10.786 GC heap after
{Heap after GC invocations=13 (full 0):
 garbage-first heap   total 61440K, used 21401K [0x0000000712c00000, 0x0000000800000000)
  region size 2048K, 1 young (2048K), 1 survivors (2048K)
 Metaspace       used 51514K, committed 52032K, reserved 1114112K
  class space    used 5852K, committed 6080K, reserved 1048576K
}

