# JRE version: OpenJDK Runtime Environment Temurin-17.0.7+7 (17.0.7+7) (build 17.0.7+7)
# Java VM: OpenJDK 64-Bit Server VM Temurin-17.0.7+7 (17.0.7+7, mixed mode, tiered, compressed oops, compressed class ptrs, g1 gc, windows-amd64)
GC Precious Log:
 CPUs: 8 total, 8 available
 Memory: 15178M
 Large Page Support: Disabled
 NUMA Support: Disabled
 Compressed Oops: Enabled (Zero based)
 Heap Region Size: 2M
 Heap Min Capacity: 8M
 Heap Initial Capacity: 238M
 Heap Max Capacity: 3796M
 Pre-touch: Disabled
 Parallel Workers: 8
 Concurrent Workers: 2
 Concurrent Refinement Workers: 8
 Periodic GC: Disabled
Heap:
 garbage-first heap   total 61440K, used 34080K [0x0000000712c00000, 0x0000000800000000)
  region size 2048K, 9 young (18432K), 1 survivors (2048K)
 Metaspace       used 54090K, committed 54592K, reserved 1114112K
  class space    used 6035K, committed 6272K, reserved 1048576K
GC Heap History (20 events):
Event: 1.207 GC heap before
{Heap before GC invocations=1 (full 0):
 garbage-first heap   total 243712K, used 29553K [0x0000000712c00000, 0x0000000800000000)
  region size 2048K, 15 young (30720K), 2 survivors (4096K)
 Metaspace       used 20259K, committed 20544K, reserved 1114112K
  class space    used 2171K, committed 2304K, reserved 1048576K
}
Event: 1.213 GC heap after
{Heap after GC invocations=2 (full 0):
 garbage-first heap   total 243712K, used 7555K [0x0000000712c00000, 0x0000000800000000)
  region size 2048K, 2 young (4096K), 2 survivors (4096K)
 Metaspace       used 20259K, committed 20544K, reserved 1114112K
  class space    used 2171K, committed 2304K, reserved 1048576K
}
Event: 1.282 GC heap before
{Heap before GC invocations=2 (full 0):
 garbage-first heap   total 243712K, used 11651K [0x0000000712c00000, 0x0000000800000000)
  region size 2048K, 5 young (10240K), 2 survivors (4096K)
 Metaspace       used 21298K, committed 21504K, reserved 1114112K
  class space    used 2309K, committed 2432K, reserved 1048576K
}
Event: 1.284 GC heap after
{Heap after GC invocations=3 (full 0):
 garbage-first heap   total 243712K, used 8018K [0x0000000712c00000, 0x0000000800000000)
  region size 2048K, 2 young (4096K), 2 survivors (4096K)
 Metaspace       used 21298K, committed 21504K, reserved 1114112K
  class space    used 2309K, committed 2432K, reserved 1048576K
}
Event: 1.571 GC heap before
{Heap before GC invocations=4 (full 0):
 garbage-first heap   total 40960K, used 26450K [0x0000000712c00000, 0x0000000800000000)
  region size 2048K, 12 young (24576K), 2 survivors (4096K)
 Metaspace       used 25510K, committed 25792K, reserved 1114112K
  class space    used 2895K, committed 3008K, reserved 1048576K
}
Event: 1.575 GC heap after
{Heap after GC invocations=5 (full 0):
 garbage-first heap   total 40960K, used 9631K [0x0000000712c00000, 0x0000000800000000)
  region size 2048K, 3 young (6144K), 3 survivors (6144K)
 Metaspace       used 25510K, committed 25792K, reserved 1114112K
  class space    used 2895K, committed 3008K, reserved 1048576K
}
Event: 1.625 GC heap before
{Heap before GC invocations=5 (full 0):
 garbage-first heap   total 40960K, used 11679K [0x0000000712c00000, 0x0000000800000000)
  region size 2048K, 4 young (8192K), 3 survivors (6144K)
 Metaspace       used 25750K, committed 26048K, reserved 1114112K
  class space    used 2927K, committed 3072K, reserved 1048576K
}
Event: 1.631 GC heap after
{Heap after GC invocations=6 (full 0):
 garbage-first heap   total 40960K, used 10288K [0x0000000712c00000, 0x0000000800000000)
  region size 2048K, 1 young (2048K), 1 survivors (2048K)
 Metaspace       used 25750K, committed 26048K, reserved 1114112K
  class space    used 2927K, committed 3072K, reserved 1048576K
}
Event: 2.009 GC heap before
{Heap before GC invocations=6 (full 0):
 garbage-first heap   total 40960K, used 26672K [0x0000000712c00000, 0x0000000800000000)
  region size 2048K, 9 young (18432K), 1 survivors (2048K)
 Metaspace       used 27688K, committed 27968K, reserved 1114112K
  class space    used 3135K, committed 3264K, reserved 1048576K
}
Event: 2.013 GC heap after
{Heap after GC invocations=7 (full 0):
 garbage-first heap   total 143360K, used 11285K [0x0000000712c00000, 0x0000000800000000)
  region size 2048K, 1 young (2048K), 1 survivors (2048K)
 Metaspace       used 27688K, committed 27968K, reserved 1114112K
  class space    used 3135K, committed 3264K, reserved 1048576K
}
Event: 3.131 GC heap before
{Heap before GC invocations=7 (full 0):
 garbage-first heap   total 143360K, used 52245K [0x0000000712c00000, 0x0000000800000000)
  region size 2048K, 22 young (45056K), 1 survivors (2048K)
 Metaspace       used 35728K, committed 36096K, reserved 1114112K
  class space    used 4111K, committed 4288K, reserved 1048576K
}
Event: 3.138 GC heap after
{Heap after GC invocations=8 (full 0):
 garbage-first heap   total 143360K, used 15006K [0x0000000712c00000, 0x0000000800000000)
  region size 2048K, 3 young (6144K), 3 survivors (6144K)
 Metaspace       used 35728K, committed 36096K, reserved 1114112K
  class space    used 4111K, committed 4288K, reserved 1048576K
}
Event: 3.882 GC heap before
{Heap before GC invocations=9 (full 0):
 garbage-first heap   total 61440K, used 45726K [0x0000000712c00000, 0x0000000800000000)
  region size 2048K, 18 young (36864K), 3 survivors (6144K)
 Metaspace       used 40892K, committed 41344K, reserved 1114112K
  class space    used 4742K, committed 4928K, reserved 1048576K
}
Event: 3.889 GC heap after
{Heap after GC invocations=10 (full 0):
 garbage-first heap   total 61440K, used 17901K [0x0000000712c00000, 0x0000000800000000)
  region size 2048K, 2 young (4096K), 2 survivors (4096K)
 Metaspace       used 40892K, committed 41344K, reserved 1114112K
  class space    used 4742K, committed 4928K, reserved 1048576K
}
Event: 3.931 GC heap before
{Heap before GC invocations=10 (full 0):
 garbage-first heap   total 61440K, used 19949K [0x0000000712c00000, 0x0000000800000000)
  region size 2048K, 3 young (6144K), 2 survivors (4096K)
 Metaspace       used 41156K, committed 41600K, reserved 1114112K
  class space    used 4778K, committed 4992K, reserved 1048576K
}
Event: 3.935 GC heap after
{Heap after GC invocations=11 (full 0):
 garbage-first heap   total 61440K, used 17756K [0x0000000712c00000, 0x0000000800000000)
  region size 2048K, 1 young (2048K), 1 survivors (2048K)
 Metaspace       used 41156K, committed 41600K, reserved 1114112K
  class space    used 4778K, committed 4992K, reserved 1048576K
}
Event: 16.520 GC heap before
{Heap before GC invocations=11 (full 0):
 garbage-first heap   total 61440K, used 42332K [0x0000000712c00000, 0x0000000800000000)
  region size 2048K, 13 young (26624K), 1 survivors (2048K)
 Metaspace       used 46467K, committed 46976K, reserved 1114112K
  class space    used 5407K, committed 5632K, reserved 1048576K
}
Event: 16.525 GC heap after
{Heap after GC invocations=12 (full 0):
 garbage-first heap   total 61440K, used 20058K [0x0000000712c00000, 0x0000000800000000)
  region size 2048K, 2 young (4096K), 2 survivors (4096K)
 Metaspace       used 46467K, committed 46976K, reserved 1114112K
  class space    used 5407K, committed 5632K, reserved 1048576K
}
Event: 16.956 GC heap before
{Heap before GC invocations=12 (full 0):
 garbage-first heap   total 61440K, used 42586K [0x0000000712c00000, 0x0000000800000000)
  region size 2048K, 14 young (28672K), 2 survivors (4096K)
 Metaspace       used 51290K, committed 51840K, reserved 1114112K
  class space    used 5804K, committed 6080K, reserved 1048576K
}
Event: 16.960 GC heap after
{Heap after GC invocations=13 (full 0):
 garbage-first heap   total 61440K, used 21792K [0x0000000712c00000, 0x0000000800000000)
  region size 2048K, 1 young (2048K), 1 survivors (2048K)
 Metaspace       used 51290K, committed 51840K, reserved 1114112K
  class space    used 5804K, committed 6080K, reserved 1048576K
}

